<?xml version="1.0" encoding="UTF-8" ?>
<testsuite tests="26" failures="0" name="com.mycompany.bookrental.BookManagerImplTest" time="3.329" errors="0" skipped="0">
  <properties>
[...]
</properties>
  <testcase classname="com.mycompany.bookrental.BookManagerImplTest" name="updateBookWithZeroPages" time="1.32"/>
  <testcase classname="com.mycompany.bookrental.BookManagerImplTest" name="createBookWithExistingId" time="0.075"/>
  <testcase classname="com.mycompany.bookrental.BookManagerImplTest" name="updateAuthor" time="0.271"/>
  <testcase classname="com.mycompany.bookrental.BookManagerImplTest" name="createBookWithLessThanZeroPages" time="0.059"/>
  <testcase classname="com.mycompany.bookrental.BookManagerImplTest" name="updateBookWithZeroCopies" time="0.059"/>
  <testcase classname="com.mycompany.bookrental.BookManagerImplTest" name="addBook" time="0.066"/>
  <testcase classname="com.mycompany.bookrental.BookManagerImplTest" name="updateNullBook" time="0.046"/>
  <testcase classname="com.mycompany.bookrental.BookManagerImplTest" name="createBookWithNullName" time="0.042"/>
  <testcase classname="com.mycompany.bookrental.BookManagerImplTest" name="createNullBook" time="0.051"/>
  <testcase classname="com.mycompany.bookrental.BookManagerImplTest" name="createBookWithNullAuthor" time="0.044"/>
  <testcase classname="com.mycompany.bookrental.BookManagerImplTest" name="getAllBooksWithSqlExceptionThrown" time="0.233"/>
  <testcase classname="com.mycompany.bookrental.BookManagerImplTest" name="updatePages" time="0.074"/>
  <testcase classname="com.mycompany.bookrental.BookManagerImplTest" name="createBookWithLessThanZeroCopies" time="0.037"/>
  <testcase classname="com.mycompany.bookrental.BookManagerImplTest" name="getBookWithSqlExceptionThrown" time="0.064"/>
  <testcase classname="com.mycompany.bookrental.BookManagerImplTest" name="createBookWithSqlExceptionThrown" time="0.089"/>
  <testcase classname="com.mycompany.bookrental.BookManagerImplTest" name="updateBookWithNullId" time="0.037"/>
  <testcase classname="com.mycompany.bookrental.BookManagerImplTest" name="createBookWithZeroCopies" time="0.041"/>
  <testcase classname="com.mycompany.bookrental.BookManagerImplTest" name="deleteNullBook" time="0.041"/>
  <testcase classname="com.mycompany.bookrental.BookManagerImplTest" name="deleteBookWithSqlExceptionThrown" time="0.048"/>
  <testcase classname="com.mycompany.bookrental.BookManagerImplTest" name="deleteNonExistingBook" time="0.101"/>
  <testcase classname="com.mycompany.bookrental.BookManagerImplTest" name="updateBookWithNullName" time="0.034"/>
  <testcase classname="com.mycompany.bookrental.BookManagerImplTest" name="updateBookWithSqlExceptionThrown" time="0.059"/>
  <testcase classname="com.mycompany.bookrental.BookManagerImplTest" name="createBookWithZeroPages" time="0.041"/>
  <testcase classname="com.mycompany.bookrental.BookManagerImplTest" name="deleteBook" time="0.075"/>
  <testcase classname="com.mycompany.bookrental.BookManagerImplTest" name="findAllBooks" time="0.138"/>
  <testcase classname="com.mycompany.bookrental.BookManagerImplTest" name="updateNonExistingBook" time="0.044"/>
</testsuite>